[2025-05-27 11:25:09,820] [INFO] [__main__] - Khởi động ứng dụng thành công
[2025-05-27 11:25:10,357] [INFO] [frontend.screens.login_screen] - Khởi động module Login
[2025-05-27 11:25:15,537] [INFO] [frontend.screens.login_screen] - Đăng nhập thành công 'admin'
[2025-05-27 16:32:58,947] [INFO] [__main__] - Khởi động ứng dụng thành công
[2025-05-27 16:32:59,459] [INFO] [frontend.screens.login_screen] - Khởi động module Login
[2025-05-27 16:33:05,086] [INFO] [frontend.screens.login_screen] - Đăng nhập thành công 'admin'
[2025-05-27 16:47:45,654] [INFO] [__main__] - Khởi động ứng dụng thành công
[2025-05-27 16:47:45,704] [INFO] [frontend.screens.login_screen] - Khởi động module Login
[2025-05-27 16:47:56,258] [INFO] [frontend.screens.login_screen] - Đăng nhập thành công 'admin'
[2025-05-27 16:48:13,713] [INFO] [__main__] - Khởi động ứng dụng thành công
[2025-05-27 16:48:13,771] [INFO] [frontend.screens.login_screen] - Khởi động module Login
[2025-05-27 16:48:20,314] [WARNING] [frontend.screens.login_screen] - Đăng nhập không thành công'11'
[2025-05-27 16:48:21,336] [WARNING] [frontend.screens.login_screen] - Đăng nhập không thành công''
[2025-05-27 16:57:00,180] [INFO] [__main__] - Khởi động ứng dụng thành công
[2025-05-27 16:57:00,252] [INFO] [frontend.screens.login_screen] - Khởi động module Login
[2025-05-27 16:57:05,474] [INFO] [frontend.screens.login_screen] - Đăng nhập thành công 'admin'
[2025-05-27 17:00:20,982] [INFO] [__main__] - Khởi động ứng dụng thành công
[2025-05-27 17:00:21,021] [INFO] [frontend.screens.login_screen] - Khởi động module Login
[2025-05-27 17:00:30,197] [INFO] [frontend.screens.login_screen] - Đăng nhập thành công 'admin'
[2025-05-27 17:05:20,972] [INFO] [__main__] - Khởi động ứng dụng thành công
[2025-05-27 17:05:21,009] [INFO] [frontend.screens.login_screen] - Khởi động module Login
[2025-05-27 17:05:29,492] [WARNING] [frontend.screens.login_screen] - Đăng nhập không thành công'adminss'
[2025-05-27 17:07:52,156] [WARNING] [frontend.screens.login_screen] - Đăng nhập không thành công'a'
[2025-05-27 17:08:13,541] [INFO] [frontend.screens.login_screen] - Đăng nhập thành công 'admin'
[2025-05-27 17:08:13,551] [INFO] [frontend.screens.main_screen] - Đã vào màn hình chính
[2025-05-27 17:08:24,242] [INFO] [__main__] - Khởi động ứng dụng thành công
[2025-05-27 17:08:24,300] [INFO] [__main__] - Test log ngay sau khi show log window
[2025-05-27 17:08:24,305] [INFO] [frontend.screens.login_screen] - Khởi động module Login
[2025-05-27 17:08:49,449] [INFO] [frontend.screens.login_screen] - Đăng nhập thành công 'admin'
[2025-05-27 17:08:49,457] [INFO] [frontend.screens.main_screen] - Đã vào màn hình chính
[2025-05-27 17:09:05,673] [INFO] [__main__] - Khởi động ứng dụng thành công
[2025-05-27 17:09:05,710] [INFO] [__main__] - Test log ngay sau khi show log window
[2025-05-27 17:09:05,710] [INFO] [frontend.screens.login_screen] - Khởi động module Login
[2025-05-27 17:09:10,576] [INFO] [frontend.screens.login_screen] - Đăng nhập thành công 'admin'
[2025-05-27 17:09:10,583] [INFO] [frontend.screens.main_screen] - Đã vào màn hình chính
[2025-05-27 17:11:46,497] [INFO] [__main__] - Khởi động ứng dụng thành công
[2025-05-27 17:11:46,536] [INFO] [__main__] - Test log ngay sau khi show log window
[2025-05-27 17:11:46,536] [INFO] [frontend.screens.login_screen] - Khởi động module Login
[2025-05-27 17:11:53,259] [INFO] [frontend.screens.login_screen] - Đăng nhập thành công 'admin'
[2025-05-27 17:11:53,266] [INFO] [frontend.screens.main_screen] - Đã vào màn hình chính
[2025-05-27 17:11:55,179] [INFO] [frontend.screens.main_screen] - Người dùng Hoàng Vỹ Kỳ gay vai đang xem danh sách dự án
